<?xml version="1.0" encoding="UTF-8"?>
<testsuite xmlns:xsi="http://www.w3.org/2001/XMLSchema-instance" xsi:noNamespaceSchemaLocation="https://maven.apache.org/surefire/maven-surefire-plugin/xsd/surefire-test-report-3.0.xsd" version="3.0" name="com.turkeycrew.DeliveryServiceTest" time="21.129" tests="10" errors="0" skipped="0" failures="0">
  <properties>
[...]
</properties>
  <testcase name="test_createCourier" classname="com.turkeycrew.DeliveryServiceTest" time="0.866">
    <system-out><![CDATA[10:33:58.910 [main] INFO org.springframework.test.context.support.AnnotationConfigContextLoaderUtils -- Could not detect default configuration classes for test class [com.turkeycrew.DeliveryServiceTest]: DeliveryServiceTest does not declare any static, non-private, non-final, nested classes annotated with @Configuration.
10:33:59.009 [main] INFO org.springframework.boot.test.context.SpringBootTestContextBootstrapper -- Found @SpringBootConfiguration com.turkeycrew.DeliveryServiceApplication for test class com.turkeycrew.DeliveryServiceTest
10:33:59.146 [main] INFO org.testcontainers.utility.ImageNameSubstitutor -- Image name substitution will be performed by: DefaultImageNameSubstitutor (composite of 'ConfigurationFileImageNameSubstitutor' and 'PrefixingImageNameSubstitutor')
10:33:59.288 [main] INFO org.testcontainers.dockerclient.DockerClientProviderStrategy -- Loaded org.testcontainers.dockerclient.NpipeSocketClientProviderStrategy from ~/.testcontainers.properties, will try it first
10:33:59.475 [main] INFO org.testcontainers.dockerclient.DockerClientProviderStrategy -- Found Docker environment with local Npipe socket (npipe:////./pipe/docker_engine)
10:33:59.476 [main] INFO org.testcontainers.DockerClientFactory -- Docker host IP address is localhost
10:33:59.490 [main] INFO org.testcontainers.DockerClientFactory -- Connected to docker: 
  Server Version: 24.0.6
  API Version: 1.43
  Operating System: Docker Desktop
  Total Memory: 15956 MB
10:33:59.510 [main] INFO tc.testcontainers/ryuk:0.4.0 -- Creating container for image: testcontainers/ryuk:0.4.0
10:33:59.776 [main] INFO tc.testcontainers/ryuk:0.4.0 -- Container testcontainers/ryuk:0.4.0 is starting: 1750e6a1edf5753735daf9df7ab3b1309eb47b2c91de0193a1cfb2d580902b72
10:34:00.118 [main] INFO tc.testcontainers/ryuk:0.4.0 -- Container testcontainers/ryuk:0.4.0 started in PT0.6200894S
10:34:00.123 [main] INFO org.testcontainers.utility.RyukResourceReaper -- Ryuk started - will monitor and terminate Testcontainers containers on JVM exit
10:34:00.123 [main] INFO org.testcontainers.DockerClientFactory -- Checking the system...
10:34:00.123 [main] INFO org.testcontainers.DockerClientFactory -- ✔︎ Docker server version should be at least 1.6.0
10:34:00.125 [main] INFO tc.mysql:8.0-debian -- Creating container for image: mysql:8.0-debian
10:34:00.279 [main] INFO tc.mysql:8.0-debian -- Container mysql:8.0-debian is starting: c3431ee56a2008bce3327bcb301a2492b97c56ad587f5ca1c6e144e3faf863fb
10:34:00.586 [main] INFO tc.mysql:8.0-debian -- Waiting for database connection to become available at jdbc:mysql://localhost:54722/testDb using query 'SELECT 1'
10:34:14.055 [main] INFO tc.mysql:8.0-debian -- Container mysql:8.0-debian started in PT13.9296724S
10:34:14.055 [main] INFO tc.mysql:8.0-debian -- Container is started (JDBC URL: jdbc:mysql://localhost:54722/testDb)
10:34:14.135 [main] INFO org.hibernate.Version -- HHH000412: Hibernate ORM core version 6.2.0.Final
10:34:14.136 [main] INFO org.hibernate.cfg.Environment -- HHH000406: Using bytecode reflection optimizer
888 88e           888 ,e,                                                                       ,e,
888 888b   ,e e,  888  "  Y8b Y888P  ,e e,  888,8, Y8b Y888P      dP"Y  ,e e,  888,8, Y8b Y888P  "   e88'888  ,e e,  
888 8888D d88 88b 888 888  Y8b Y8P  d88 88b 888 "   Y8b Y8P  888 C88b  d88 88b 888 "   Y8b Y8P  888 d888  '8 d88 88b 
888 888P  888   , 888 888   Y8b "   888   , 888      Y8b Y        Y88D 888   , 888      Y8b "   888 Y888   , 888   , 
888 88"    "YeeP" 888 888    Y8P     "YeeP" 888       888        d,dP   "YeeP" 888       Y8P    888  "88,e8'  "YeeP" 
                                                      888                                                            
                                                      888                                                            
2023-12-11T10:34:14.386+01:00  INFO 17932 --- [           main] com.turkeycrew.DeliveryServiceTest       : Starting DeliveryServiceTest using Java 21.0.1 with PID 17932 (started by Robert in C:\Users\Rober\OneDrive\Softwareudvikler\2. semester\Exam\mtogo\delivery-service)
2023-12-11T10:34:14.389+01:00  INFO 17932 --- [           main] com.turkeycrew.DeliveryServiceTest       : No active profile set, falling back to 1 default profile: "default"
2023-12-11T10:34:14.752+01:00  INFO 17932 --- [           main] .s.d.r.c.RepositoryConfigurationDelegate : Bootstrapping Spring Data JPA repositories in DEFAULT mode.
2023-12-11T10:34:14.793+01:00  INFO 17932 --- [           main] .s.d.r.c.RepositoryConfigurationDelegate : Finished Spring Data repository scanning in 34 ms. Found 2 JPA repository interfaces.
2023-12-11T10:34:15.210+01:00  INFO 17932 --- [           main] o.hibernate.jpa.internal.util.LogHelper  : HHH000204: Processing PersistenceUnitInfo [name: default]
2023-12-11T10:34:15.361+01:00  INFO 17932 --- [           main] o.h.b.i.BytecodeProviderInitiator        : HHH000021: Bytecode provider name : bytebuddy
2023-12-11T10:34:15.457+01:00  INFO 17932 --- [           main] o.s.o.j.p.SpringPersistenceUnitInfo      : No LoadTimeWeaver setup: ignoring JPA class transformer
2023-12-11T10:34:15.470+01:00  INFO 17932 --- [           main] com.zaxxer.hikari.HikariDataSource       : HikariPool-1 - Starting...
2023-12-11T10:34:15.600+01:00  INFO 17932 --- [           main] com.zaxxer.hikari.pool.HikariPool        : HikariPool-1 - Added connection com.mysql.cj.jdbc.ConnectionImpl@75063bd0
2023-12-11T10:34:15.601+01:00  INFO 17932 --- [           main] com.zaxxer.hikari.HikariDataSource       : HikariPool-1 - Start completed.
2023-12-11T10:34:15.637+01:00  INFO 17932 --- [           main] SQL dialect                              : HHH000400: Using dialect: org.hibernate.dialect.MySQLDialect
2023-12-11T10:34:15.812+01:00  INFO 17932 --- [           main] o.h.b.i.BytecodeProviderInitiator        : HHH000021: Bytecode provider name : bytebuddy
2023-12-11T10:34:16.254+01:00  INFO 17932 --- [           main] o.h.e.t.j.p.i.JtaPlatformInitiator       : HHH000490: Using JtaPlatform implementation: [org.hibernate.engine.transaction.jta.platform.internal.NoJtaPlatform]
Hibernate: create table courier (id integer not null auto_increment, available bit not null, email varchar(255), primary key (id)) engine=InnoDB
Hibernate: create table delivery_info (id integer not null auto_increment, address varchar(255), creation_time datetime(6), delivery datetime(6), status bit not null, courier_id integer, primary key (id)) engine=InnoDB
Hibernate: alter table delivery_info add constraint FKl43yf2vnavxirql9prbe9gvmk foreign key (courier_id) references courier (id)
2023-12-11T10:34:16.437+01:00  INFO 17932 --- [           main] j.LocalContainerEntityManagerFactoryBean : Initialized JPA EntityManagerFactory for persistence unit 'default'
2023-12-11T10:34:16.832+01:00  WARN 17932 --- [           main] ocalVariableTableParameterNameDiscoverer : Using deprecated '-debug' fallback for parameter name resolution. Compile the affected code with '-parameters' instead or avoid its introspection: com.turkeycrew.CourierRepository
2023-12-11T10:34:17.341+01:00  WARN 17932 --- [           main] JpaBaseConfiguration$JpaWebConfiguration : spring.jpa.open-in-view is enabled by default. Therefore, database queries may be performed during view rendering. Explicitly configure spring.jpa.open-in-view to disable this warning
2023-12-11T10:34:17.853+01:00  INFO 17932 --- [           main] o.a.k.clients.consumer.ConsumerConfig    : ConsumerConfig values: 
	allow.auto.create.topics = true
	auto.commit.interval.ms = 5000
	auto.include.jmx.reporter = true
	auto.offset.reset = latest
	bootstrap.servers = [localhost:9092]
	check.crcs = true
	client.dns.lookup = use_all_dns_ips
	client.id = consumer-delivery-group-1
	client.rack = 
	connections.max.idle.ms = 540000
	default.api.timeout.ms = 60000
	enable.auto.commit = false
	exclude.internal.topics = true
	fetch.max.bytes = 52428800
	fetch.max.wait.ms = 500
	fetch.min.bytes = 1
	group.id = delivery-group
	group.instance.id = null
	heartbeat.interval.ms = 3000
	interceptor.classes = []
	internal.leave.group.on.close = true
	internal.throw.on.fetch.stable.offset.unsupported = false
	isolation.level = read_uncommitted
	key.deserializer = class org.springframework.kafka.support.serializer.ErrorHandlingDeserializer
	max.partition.fetch.bytes = 1048576
	max.poll.interval.ms = 300000
	max.poll.records = 500
	metadata.max.age.ms = 300000
	metric.reporters = []
	metrics.num.samples = 2
	metrics.recording.level = INFO
	metrics.sample.window.ms = 30000
	partition.assignment.strategy = [class org.apache.kafka.clients.consumer.RangeAssignor, class org.apache.kafka.clients.consumer.CooperativeStickyAssignor]
	receive.buffer.bytes = 65536
	reconnect.backoff.max.ms = 1000
	reconnect.backoff.ms = 50
	request.timeout.ms = 30000
	retry.backoff.ms = 100
	sasl.client.callback.handler.class = null
	sasl.jaas.config = null
	sasl.kerberos.kinit.cmd = /usr/bin/kinit
	sasl.kerberos.min.time.before.relogin = 60000
	sasl.kerberos.service.name = null
	sasl.kerberos.ticket.renew.jitter = 0.05
	sasl.kerberos.ticket.renew.window.factor = 0.8
	sasl.login.callback.handler.class = null
	sasl.login.class = null
	sasl.login.connect.timeout.ms = null
	sasl.login.read.timeout.ms = null
	sasl.login.refresh.buffer.seconds = 300
	sasl.login.refresh.min.period.seconds = 60
	sasl.login.refresh.window.factor = 0.8
	sasl.login.refresh.window.jitter = 0.05
	sasl.login.retry.backoff.max.ms = 10000
	sasl.login.retry.backoff.ms = 100
	sasl.mechanism = GSSAPI
	sasl.oauthbearer.clock.skew.seconds = 30
	sasl.oauthbearer.expected.audience = null
	sasl.oauthbearer.expected.issuer = null
	sasl.oauthbearer.jwks.endpoint.refresh.ms = 3600000
	sasl.oauthbearer.jwks.endpoint.retry.backoff.max.ms = 10000
	sasl.oauthbearer.jwks.endpoint.retry.backoff.ms = 100
	sasl.oauthbearer.jwks.endpoint.url = null
	sasl.oauthbearer.scope.claim.name = scope
	sasl.oauthbearer.sub.claim.name = sub
	sasl.oauthbearer.token.endpoint.url = null
	security.protocol = PLAINTEXT
	security.providers = null
	send.buffer.bytes = 131072
	session.timeout.ms = 45000
	socket.connection.setup.timeout.max.ms = 30000
	socket.connection.setup.timeout.ms = 10000
	ssl.cipher.suites = null
	ssl.enabled.protocols = [TLSv1.2, TLSv1.3]
	ssl.endpoint.identification.algorithm = https
	ssl.engine.factory.class = null
	ssl.key.password = null
	ssl.keymanager.algorithm = SunX509
	ssl.keystore.certificate.chain = null
	ssl.keystore.key = null
	ssl.keystore.location = null
	ssl.keystore.password = null
	ssl.keystore.type = JKS
	ssl.protocol = TLSv1.3
	ssl.provider = null
	ssl.secure.random.implementation = null
	ssl.trustmanager.algorithm = PKIX
	ssl.truststore.certificates = null
	ssl.truststore.location = null
	ssl.truststore.password = null
	ssl.truststore.type = JKS
	value.deserializer = class org.springframework.kafka.support.serializer.JsonDeserializer

2023-12-11T10:34:18.001+01:00  WARN 17932 --- [           main] o.a.k.clients.consumer.ConsumerConfig    : These configurations '[spring.deserializer.value.delegate.class]' were supplied but are not used yet.
2023-12-11T10:34:18.003+01:00  INFO 17932 --- [           main] o.a.kafka.common.utils.AppInfoParser     : Kafka version: 3.4.1
2023-12-11T10:34:18.003+01:00  INFO 17932 --- [           main] o.a.kafka.common.utils.AppInfoParser     : Kafka commitId: 8a516edc2755df89
2023-12-11T10:34:18.003+01:00  INFO 17932 --- [           main] o.a.kafka.common.utils.AppInfoParser     : Kafka startTimeMs: 1702287258002
2023-12-11T10:34:18.005+01:00  INFO 17932 --- [           main] o.a.k.clients.consumer.KafkaConsumer     : [Consumer clientId=consumer-delivery-group-1, groupId=delivery-group] Subscribed to topic(s): createDeliveryByUserId
2023-12-11T10:34:18.011+01:00  INFO 17932 --- [           main] o.a.k.clients.consumer.ConsumerConfig    : ConsumerConfig values: 
	allow.auto.create.topics = true
	auto.commit.interval.ms = 5000
	auto.include.jmx.reporter = true
	auto.offset.reset = latest
	bootstrap.servers = [localhost:9092]
	check.crcs = true
	client.dns.lookup = use_all_dns_ips
	client.id = consumer-delivery-group-2
	client.rack = 
	connections.max.idle.ms = 540000
	default.api.timeout.ms = 60000
	enable.auto.commit = false
	exclude.internal.topics = true
	fetch.max.bytes = 52428800
	fetch.max.wait.ms = 500
	fetch.min.bytes = 1
	group.id = delivery-group
	group.instance.id = null
	heartbeat.interval.ms = 3000
	interceptor.classes = []
	internal.leave.group.on.close = true
	internal.throw.on.fetch.stable.offset.unsupported = false
	isolation.level = read_uncommitted
	key.deserializer = class org.springframework.kafka.support.serializer.ErrorHandlingDeserializer
	max.partition.fetch.bytes = 1048576
	max.poll.interval.ms = 300000
	max.poll.records = 500
	metadata.max.age.ms = 300000
	metric.reporters = []
	metrics.num.samples = 2
	metrics.recording.level = INFO
	metrics.sample.window.ms = 30000
	partition.assignment.strategy = [class org.apache.kafka.clients.consumer.RangeAssignor, class org.apache.kafka.clients.consumer.CooperativeStickyAssignor]
	receive.buffer.bytes = 65536
	reconnect.backoff.max.ms = 1000
	reconnect.backoff.ms = 50
	request.timeout.ms = 30000
	retry.backoff.ms = 100
	sasl.client.callback.handler.class = null
	sasl.jaas.config = null
	sasl.kerberos.kinit.cmd = /usr/bin/kinit
	sasl.kerberos.min.time.before.relogin = 60000
	sasl.kerberos.service.name = null
	sasl.kerberos.ticket.renew.jitter = 0.05
	sasl.kerberos.ticket.renew.window.factor = 0.8
	sasl.login.callback.handler.class = null
	sasl.login.class = null
	sasl.login.connect.timeout.ms = null
	sasl.login.read.timeout.ms = null
	sasl.login.refresh.buffer.seconds = 300
	sasl.login.refresh.min.period.seconds = 60
	sasl.login.refresh.window.factor = 0.8
	sasl.login.refresh.window.jitter = 0.05
	sasl.login.retry.backoff.max.ms = 10000
	sasl.login.retry.backoff.ms = 100
	sasl.mechanism = GSSAPI
	sasl.oauthbearer.clock.skew.seconds = 30
	sasl.oauthbearer.expected.audience = null
	sasl.oauthbearer.expected.issuer = null
	sasl.oauthbearer.jwks.endpoint.refresh.ms = 3600000
	sasl.oauthbearer.jwks.endpoint.retry.backoff.max.ms = 10000
	sasl.oauthbearer.jwks.endpoint.retry.backoff.ms = 100
	sasl.oauthbearer.jwks.endpoint.url = null
	sasl.oauthbearer.scope.claim.name = scope
	sasl.oauthbearer.sub.claim.name = sub
	sasl.oauthbearer.token.endpoint.url = null
	security.protocol = PLAINTEXT
	security.providers = null
	send.buffer.bytes = 131072
	session.timeout.ms = 45000
	socket.connection.setup.timeout.max.ms = 30000
	socket.connection.setup.timeout.ms = 10000
	ssl.cipher.suites = null
	ssl.enabled.protocols = [TLSv1.2, TLSv1.3]
	ssl.endpoint.identification.algorithm = https
	ssl.engine.factory.class = null
	ssl.key.password = null
	ssl.keymanager.algorithm = SunX509
	ssl.keystore.certificate.chain = null
	ssl.keystore.key = null
	ssl.keystore.location = null
	ssl.keystore.password = null
	ssl.keystore.type = JKS
	ssl.protocol = TLSv1.3
	ssl.provider = null
	ssl.secure.random.implementation = null
	ssl.trustmanager.algorithm = PKIX
	ssl.truststore.certificates = null
	ssl.truststore.location = null
	ssl.truststore.password = null
	ssl.truststore.type = JKS
	value.deserializer = class org.springframework.kafka.support.serializer.JsonDeserializer

2023-12-11T10:34:18.015+01:00  WARN 17932 --- [           main] o.a.k.clients.consumer.ConsumerConfig    : These configurations '[spring.deserializer.value.delegate.class]' were supplied but are not used yet.
2023-12-11T10:34:18.015+01:00  INFO 17932 --- [           main] o.a.kafka.common.utils.AppInfoParser     : Kafka version: 3.4.1
2023-12-11T10:34:18.015+01:00  INFO 17932 --- [           main] o.a.kafka.common.utils.AppInfoParser     : Kafka commitId: 8a516edc2755df89
2023-12-11T10:34:18.015+01:00  INFO 17932 --- [           main] o.a.kafka.common.utils.AppInfoParser     : Kafka startTimeMs: 1702287258015
2023-12-11T10:34:18.016+01:00  INFO 17932 --- [           main] o.a.k.clients.consumer.KafkaConsumer     : [Consumer clientId=consumer-delivery-group-2, groupId=delivery-group] Subscribed to topic(s): GetAllDeliveriesTrigger
2023-12-11T10:34:18.024+01:00  INFO 17932 --- [           main] com.turkeycrew.DeliveryServiceTest       : Started DeliveryServiceTest in 3.849 seconds (process running for 19.674)
2023-12-11T10:34:18.641+01:00  INFO 17932 --- [ntainer#0-0-C-1] org.apache.kafka.clients.Metadata        : [Consumer clientId=consumer-delivery-group-1, groupId=delivery-group] Resetting the last seen epoch of partition createDeliveryByUserId-0 to 0 since the associated topicId changed from null to i2HzgOgBQRyQj1RP5o9fOg
2023-12-11T10:34:18.641+01:00  INFO 17932 --- [ntainer#1-0-C-1] org.apache.kafka.clients.Metadata        : [Consumer clientId=consumer-delivery-group-2, groupId=delivery-group] Resetting the last seen epoch of partition GetAllDeliveriesTrigger-0 to 0 since the associated topicId changed from null to moeAz-B_TAC3b2zZdw3ioA
2023-12-11T10:34:18.644+01:00  INFO 17932 --- [ntainer#1-0-C-1] org.apache.kafka.clients.Metadata        : [Consumer clientId=consumer-delivery-group-2, groupId=delivery-group] Cluster ID: 9iV27PpPSAe5igog8xIS-Q
2023-12-11T10:34:18.644+01:00  INFO 17932 --- [ntainer#0-0-C-1] org.apache.kafka.clients.Metadata        : [Consumer clientId=consumer-delivery-group-1, groupId=delivery-group] Cluster ID: 9iV27PpPSAe5igog8xIS-Q
2023-12-11T10:34:18.645+01:00  INFO 17932 --- [ntainer#0-0-C-1] o.a.k.c.c.internals.ConsumerCoordinator  : [Consumer clientId=consumer-delivery-group-1, groupId=delivery-group] Discovered group coordinator host.docker.internal:9092 (id: 2147483647 rack: null)
2023-12-11T10:34:18.645+01:00  INFO 17932 --- [ntainer#1-0-C-1] o.a.k.c.c.internals.ConsumerCoordinator  : [Consumer clientId=consumer-delivery-group-2, groupId=delivery-group] Discovered group coordinator host.docker.internal:9092 (id: 2147483647 rack: null)
2023-12-11T10:34:18.647+01:00  INFO 17932 --- [ntainer#0-0-C-1] o.a.k.c.c.internals.ConsumerCoordinator  : [Consumer clientId=consumer-delivery-group-1, groupId=delivery-group] (Re-)joining group
2023-12-11T10:34:18.647+01:00  INFO 17932 --- [ntainer#1-0-C-1] o.a.k.c.c.internals.ConsumerCoordinator  : [Consumer clientId=consumer-delivery-group-2, groupId=delivery-group] (Re-)joining group
2023-12-11T10:34:18.664+01:00  INFO 17932 --- [ntainer#0-0-C-1] o.a.k.c.c.internals.ConsumerCoordinator  : [Consumer clientId=consumer-delivery-group-1, groupId=delivery-group] Request joining group due to: need to re-join with the given member-id: consumer-delivery-group-1-e3ad13d5-de87-4ece-86c3-61c7f2a2c890
2023-12-11T10:34:18.664+01:00  INFO 17932 --- [ntainer#1-0-C-1] o.a.k.c.c.internals.ConsumerCoordinator  : [Consumer clientId=consumer-delivery-group-2, groupId=delivery-group] Request joining group due to: need to re-join with the given member-id: consumer-delivery-group-2-09e2cc5c-bccc-4d0b-80b7-ecbf516133ed
2023-12-11T10:34:18.665+01:00  INFO 17932 --- [ntainer#1-0-C-1] o.a.k.c.c.internals.ConsumerCoordinator  : [Consumer clientId=consumer-delivery-group-2, groupId=delivery-group] Request joining group due to: rebalance failed due to 'The group member needs to have a valid member id before actually entering a consumer group.' (MemberIdRequiredException)
2023-12-11T10:34:18.665+01:00  INFO 17932 --- [ntainer#0-0-C-1] o.a.k.c.c.internals.ConsumerCoordinator  : [Consumer clientId=consumer-delivery-group-1, groupId=delivery-group] Request joining group due to: rebalance failed due to 'The group member needs to have a valid member id before actually entering a consumer group.' (MemberIdRequiredException)
2023-12-11T10:34:18.665+01:00  INFO 17932 --- [ntainer#1-0-C-1] o.a.k.c.c.internals.ConsumerCoordinator  : [Consumer clientId=consumer-delivery-group-2, groupId=delivery-group] (Re-)joining group
2023-12-11T10:34:18.665+01:00  INFO 17932 --- [ntainer#0-0-C-1] o.a.k.c.c.internals.ConsumerCoordinator  : [Consumer clientId=consumer-delivery-group-1, groupId=delivery-group] (Re-)joining group
2023-12-11T10:34:18.665+01:00  INFO 17932 --- [ntainer#1-0-C-1] o.a.k.c.c.internals.ConsumerCoordinator  : [Consumer clientId=consumer-delivery-group-2, groupId=delivery-group] Successfully joined group with generation Generation{generationId=20, memberId='consumer-delivery-group-2-09e2cc5c-bccc-4d0b-80b7-ecbf516133ed', protocol='range'}
2023-12-11T10:34:18.665+01:00  INFO 17932 --- [ntainer#0-0-C-1] o.a.k.c.c.internals.ConsumerCoordinator  : [Consumer clientId=consumer-delivery-group-1, groupId=delivery-group] Successfully joined group with generation Generation{generationId=20, memberId='consumer-delivery-group-1-e3ad13d5-de87-4ece-86c3-61c7f2a2c890', protocol='range'}
2023-12-11T10:34:18.667+01:00  INFO 17932 --- [ntainer#1-0-C-1] org.apache.kafka.clients.Metadata        : [Consumer clientId=consumer-delivery-group-2, groupId=delivery-group] Resetting the last seen epoch of partition createDeliveryByUserId-0 to 0 since the associated topicId changed from null to i2HzgOgBQRyQj1RP5o9fOg
2023-12-11T10:34:18.673+01:00  INFO 17932 --- [ntainer#1-0-C-1] o.a.k.c.c.internals.ConsumerCoordinator  : [Consumer clientId=consumer-delivery-group-2, groupId=delivery-group] Finished assignment for group at generation 20: {consumer-delivery-group-2-09e2cc5c-bccc-4d0b-80b7-ecbf516133ed=Assignment(partitions=[GetAllDeliveriesTrigger-0]), consumer-delivery-group-1-e3ad13d5-de87-4ece-86c3-61c7f2a2c890=Assignment(partitions=[createDeliveryByUserId-0])}
2023-12-11T10:34:18.679+01:00  INFO 17932 --- [ntainer#0-0-C-1] o.a.k.c.c.internals.ConsumerCoordinator  : [Consumer clientId=consumer-delivery-group-1, groupId=delivery-group] Successfully synced group in generation Generation{generationId=20, memberId='consumer-delivery-group-1-e3ad13d5-de87-4ece-86c3-61c7f2a2c890', protocol='range'}
2023-12-11T10:34:18.679+01:00  INFO 17932 --- [ntainer#1-0-C-1] o.a.k.c.c.internals.ConsumerCoordinator  : [Consumer clientId=consumer-delivery-group-2, groupId=delivery-group] Successfully synced group in generation Generation{generationId=20, memberId='consumer-delivery-group-2-09e2cc5c-bccc-4d0b-80b7-ecbf516133ed', protocol='range'}
2023-12-11T10:34:18.680+01:00  INFO 17932 --- [ntainer#1-0-C-1] o.a.k.c.c.internals.ConsumerCoordinator  : [Consumer clientId=consumer-delivery-group-2, groupId=delivery-group] Notifying assignor about the new Assignment(partitions=[GetAllDeliveriesTrigger-0])
2023-12-11T10:34:18.680+01:00  INFO 17932 --- [ntainer#0-0-C-1] o.a.k.c.c.internals.ConsumerCoordinator  : [Consumer clientId=consumer-delivery-group-1, groupId=delivery-group] Notifying assignor about the new Assignment(partitions=[createDeliveryByUserId-0])
2023-12-11T10:34:18.686+01:00  INFO 17932 --- [ntainer#1-0-C-1] o.a.k.c.c.internals.ConsumerCoordinator  : [Consumer clientId=consumer-delivery-group-2, groupId=delivery-group] Adding newly assigned partitions: GetAllDeliveriesTrigger-0
2023-12-11T10:34:18.686+01:00  INFO 17932 --- [ntainer#0-0-C-1] o.a.k.c.c.internals.ConsumerCoordinator  : [Consumer clientId=consumer-delivery-group-1, groupId=delivery-group] Adding newly assigned partitions: createDeliveryByUserId-0
2023-12-11T10:34:18.706+01:00  INFO 17932 --- [ntainer#0-0-C-1] o.a.k.c.c.internals.ConsumerCoordinator  : [Consumer clientId=consumer-delivery-group-1, groupId=delivery-group] Setting offset for partition createDeliveryByUserId-0 to the committed offset FetchPosition{offset=50358, offsetEpoch=Optional.empty, currentLeader=LeaderAndEpoch{leader=Optional[host.docker.internal:9092 (id: 0 rack: null)], epoch=0}}
2023-12-11T10:34:18.706+01:00  INFO 17932 --- [ntainer#1-0-C-1] o.a.k.c.c.internals.ConsumerCoordinator  : [Consumer clientId=consumer-delivery-group-2, groupId=delivery-group] Setting offset for partition GetAllDeliveriesTrigger-0 to the committed offset FetchPosition{offset=0, offsetEpoch=Optional.empty, currentLeader=LeaderAndEpoch{leader=Optional[host.docker.internal:9092 (id: 0 rack: null)], epoch=0}}
2023-12-11T10:34:18.708+01:00  INFO 17932 --- [ntainer#1-0-C-1] o.s.k.l.KafkaMessageListenerContainer    : delivery-group: partitions assigned: [GetAllDeliveriesTrigger-0]
2023-12-11T10:34:18.708+01:00  INFO 17932 --- [ntainer#0-0-C-1] o.s.k.l.KafkaMessageListenerContainer    : delivery-group: partitions assigned: [createDeliveryByUserId-0]
Hibernate: select c1_0.id from courier c1_0 where c1_0.email=? limit ?
Hibernate: insert into courier (available,email) values (?,?)
Customer: Courier(id=1, available=true, email=test@test.test) created successfully
]]></system-out>
    <system-err><![CDATA[WARNING: A Java agent has been loaded dynamically (C:\Users\Rober\.m2\repository\net\bytebuddy\byte-buddy-agent\1.14.9\byte-buddy-agent-1.14.9.jar)
WARNING: If a serviceability tool is in use, please run with -XX:+EnableDynamicAgentLoading to hide this warning
WARNING: If a serviceability tool is not in use, please run with -Djdk.instrument.traceUsage for more information
WARNING: Dynamic loading of agents will be disallowed by default in a future release
]]></system-err>
  </testcase>
  <testcase name="test_getCourierById" classname="com.turkeycrew.DeliveryServiceTest" time="0.132">
    <system-out><![CDATA[Hibernate: insert into courier (available,email) values (?,?)
Hibernate: select c1_0.id,c1_0.available,c1_0.email from courier c1_0 where c1_0.id=?
]]></system-out>
  </testcase>
  <testcase name="test_updateCourierEmail" classname="com.turkeycrew.DeliveryServiceTest" time="0.046">
    <system-out><![CDATA[Hibernate: insert into courier (available,email) values (?,?)
Hibernate: select c1_0.id from courier c1_0 where c1_0.email=? limit ?
Hibernate: select c1_0.id,c1_0.available,c1_0.email from courier c1_0 where c1_0.id=?
Hibernate: select c1_0.id,c1_0.available,c1_0.email from courier c1_0 where c1_0.id=?
Hibernate: update courier set available=?,email=? where id=?
]]></system-out>
  </testcase>
  <testcase name="test_deleteCourier" classname="com.turkeycrew.DeliveryServiceTest" time="0.031">
    <system-out><![CDATA[Hibernate: select c1_0.id,c1_0.available,c1_0.email from courier c1_0 where c1_0.id=?
Hibernate: select c1_0.id,c1_0.available,c1_0.email from courier c1_0 where c1_0.id=?
Hibernate: delete from courier where id=?
Hibernate: select c1_0.id,c1_0.available,c1_0.email from courier c1_0 where c1_0.id=?
]]></system-out>
  </testcase>
  <testcase name="test_createDelivery" classname="com.turkeycrew.DeliveryServiceTest" time="0.024">
    <system-out><![CDATA[Hibernate: insert into delivery_info (address,courier_id,creation_time,delivery,status) values (?,?,?,?,?)
deliveryInfo: DeliveryInfo(id=1, creationTime=2023-12-11T10:34:19.128065800, delivery=null, address=testAddress, status=false, courier=null) created successfully
]]></system-out>
  </testcase>
  <testcase name="test_getDeliveryById" classname="com.turkeycrew.DeliveryServiceTest" time="0.026">
    <system-out><![CDATA[Hibernate: insert into delivery_info (address,courier_id,creation_time,delivery,status) values (?,?,?,?,?)
Hibernate: select d1_0.id,d1_0.address,c1_0.id,c1_0.available,c1_0.email,d1_0.creation_time,d1_0.delivery,d1_0.status from delivery_info d1_0 left join courier c1_0 on c1_0.id=d1_0.courier_id where d1_0.id=?
]]></system-out>
  </testcase>
  <testcase name="test_updateDeliveryStatus" classname="com.turkeycrew.DeliveryServiceTest" time="0.025">
    <system-out><![CDATA[Hibernate: select d1_0.id,d1_0.address,c1_0.id,c1_0.available,c1_0.email,d1_0.creation_time,d1_0.delivery,d1_0.status from delivery_info d1_0 left join courier c1_0 on c1_0.id=d1_0.courier_id where d1_0.id=?
Hibernate: select d1_0.id,d1_0.address,c1_0.id,c1_0.available,c1_0.email,d1_0.creation_time,d1_0.delivery,d1_0.status from delivery_info d1_0 left join courier c1_0 on c1_0.id=d1_0.courier_id where d1_0.id=?
Hibernate: update delivery_info set address=?,courier_id=?,creation_time=?,delivery=?,status=? where id=?
]]></system-out>
  </testcase>
  <testcase name="test_addCourierToDelivery" classname="com.turkeycrew.DeliveryServiceTest" time="0.063">
    <system-out><![CDATA[Hibernate: select d1_0.id,d1_0.address,c1_0.id,c1_0.available,c1_0.email,d1_0.creation_time,d1_0.delivery,d1_0.status from delivery_info d1_0 left join courier c1_0 on c1_0.id=d1_0.courier_id where d1_0.id=?
Hibernate: select c1_0.id,c1_0.available,c1_0.email from courier c1_0 where c1_0.id=?
Hibernate: select c1_0.id,c1_0.available,c1_0.email from courier c1_0 where c1_0.id=?
Hibernate: update courier set available=?,email=? where id=?
Hibernate: select d1_0.id,d1_0.address,c1_0.id,c1_0.available,c1_0.email,d1_0.creation_time,d1_0.delivery,d1_0.status from delivery_info d1_0 left join courier c1_0 on c1_0.id=d1_0.courier_id where d1_0.id=?
Hibernate: select c1_0.id,c1_0.available,c1_0.email from courier c1_0 where c1_0.id=?
Hibernate: update delivery_info set address=?,courier_id=?,creation_time=?,delivery=?,status=? where id=?
]]></system-out>
  </testcase>
  <testcase name="test_deleteDelivery" classname="com.turkeycrew.DeliveryServiceTest" time="0.026">
    <system-out><![CDATA[Hibernate: select d1_0.id,d1_0.address,c1_0.id,c1_0.available,c1_0.email,d1_0.creation_time,d1_0.delivery,d1_0.status from delivery_info d1_0 left join courier c1_0 on c1_0.id=d1_0.courier_id where d1_0.id=?
Hibernate: select d1_0.id,d1_0.address,c1_0.id,c1_0.available,c1_0.email,d1_0.creation_time,d1_0.delivery,d1_0.status from delivery_info d1_0 left join courier c1_0 on c1_0.id=d1_0.courier_id where d1_0.id=?
Hibernate: delete from delivery_info where id=?
Hibernate: select d1_0.id,d1_0.address,c1_0.id,c1_0.available,c1_0.email,d1_0.creation_time,d1_0.delivery,d1_0.status from delivery_info d1_0 left join courier c1_0 on c1_0.id=d1_0.courier_id where d1_0.id=?
]]></system-out>
  </testcase>
  <testcase name="testContainerUp" classname="com.turkeycrew.DeliveryServiceTest" time="0.033"/>
</testsuite>