<?xml version="1.0" encoding="UTF-8"?>
<testsuite xmlns:xsi="http://www.w3.org/2001/XMLSchema-instance" xsi:noNamespaceSchemaLocation="https://maven.apache.org/surefire/maven-surefire-plugin/xsd/surefire-test-report-3.0.xsd" version="3.0" name="integration.OrderControllerIntegrationTest" time="4.814" tests="1" errors="0" skipped="0" failures="0">
  <properties>
[...]
</properties>
  <testcase name="test_placeOrder" classname="integration.OrderControllerIntegrationTest" time="0.201">
    <system-out><![CDATA[ ,-----. ,------. ,------.  ,------.,------.
'  .-.  '|  .--. '|  .-.  \ |  .---'|  .--. ' 
|  | |  ||  '--'.'|  |  \  :|  `--, |  '--'.' 
'  '-'  '|  |\  \ |  '--'  /|  `---.|  |\  \  
 `-----' `--' '--'`-------' `------'`--' '--' 
                                              
2023-12-05T10:13:15.896+01:00  INFO 10788 --- [           main] i.OrderControllerIntegrationTest         : Starting OrderControllerIntegrationTest using Java 21.0.1 with PID 10788 (started by Robert in C:\Users\Rober\OneDrive\Softwareudvikler\2. semester\Exam\mtogo\order-service)
2023-12-05T10:13:15.900+01:00  INFO 10788 --- [           main] i.OrderControllerIntegrationTest         : No active profile set, falling back to 1 default profile: "default"
2023-12-05T10:13:16.391+01:00  INFO 10788 --- [           main] .s.d.r.c.RepositoryConfigurationDelegate : Bootstrapping Spring Data JPA repositories in DEFAULT mode.
2023-12-05T10:13:16.445+01:00  INFO 10788 --- [           main] .s.d.r.c.RepositoryConfigurationDelegate : Finished Spring Data repository scanning in 48 ms. Found 1 JPA repository interfaces.
2023-12-05T10:13:17.163+01:00  INFO 10788 --- [           main] o.s.b.w.embedded.tomcat.TomcatWebServer  : Tomcat initialized with port(s): 0 (http)
2023-12-05T10:13:17.173+01:00  INFO 10788 --- [           main] o.apache.catalina.core.StandardService   : Starting service [Tomcat]
2023-12-05T10:13:17.175+01:00  INFO 10788 --- [           main] o.apache.catalina.core.StandardEngine    : Starting Servlet engine: [Apache Tomcat/10.1.15]
2023-12-05T10:13:17.296+01:00  INFO 10788 --- [           main] o.a.c.c.C.[Tomcat].[localhost].[/]       : Initializing Spring embedded WebApplicationContext
2023-12-05T10:13:17.297+01:00  INFO 10788 --- [           main] w.s.c.ServletWebServerApplicationContext : Root WebApplicationContext: initialization completed in 1379 ms
2023-12-05T10:13:17.557+01:00  INFO 10788 --- [           main] o.hibernate.jpa.internal.util.LogHelper  : HHH000204: Processing PersistenceUnitInfo [name: default]
2023-12-05T10:13:17.613+01:00  INFO 10788 --- [           main] org.hibernate.Version                    : HHH000412: Hibernate ORM core version 6.2.13.Final
2023-12-05T10:13:17.615+01:00  INFO 10788 --- [           main] org.hibernate.cfg.Environment            : HHH000406: Using bytecode reflection optimizer
2023-12-05T10:13:17.723+01:00  INFO 10788 --- [           main] o.s.o.j.p.SpringPersistenceUnitInfo      : No LoadTimeWeaver setup: ignoring JPA class transformer
2023-12-05T10:13:17.745+01:00  INFO 10788 --- [           main] com.zaxxer.hikari.HikariDataSource       : HikariPool-1 - Starting...
2023-12-05T10:13:18.001+01:00  INFO 10788 --- [           main] com.zaxxer.hikari.pool.HikariPool        : HikariPool-1 - Added connection com.mysql.cj.jdbc.ConnectionImpl@37f0fb02
2023-12-05T10:13:18.002+01:00  INFO 10788 --- [           main] com.zaxxer.hikari.HikariDataSource       : HikariPool-1 - Start completed.
2023-12-05T10:13:18.661+01:00  INFO 10788 --- [           main] o.h.e.t.j.p.i.JtaPlatformInitiator       : HHH000489: No JTA platform available (set 'hibernate.transaction.jta.platform' to enable JTA platform integration)
2023-12-05T10:13:18.708+01:00  INFO 10788 --- [           main] j.LocalContainerEntityManagerFactoryBean : Initialized JPA EntityManagerFactory for persistence unit 'default'
2023-12-05T10:13:18.815+01:00  WARN 10788 --- [           main] JpaBaseConfiguration$JpaWebConfiguration : spring.jpa.open-in-view is enabled by default. Therefore, database queries may be performed during view rendering. Explicitly configure spring.jpa.open-in-view to disable this warning
2023-12-05T10:13:19.229+01:00  WARN 10788 --- [           main] ocalVariableTableParameterNameDiscoverer : Using deprecated '-debug' fallback for parameter name resolution. Compile the affected code with '-parameters' instead or avoid its introspection: com.turkeycrew.OrderRepository
2023-12-05T10:13:19.290+01:00  INFO 10788 --- [           main] o.s.d.j.r.query.QueryEnhancerFactory     : Hibernate is in classpath; If applicable, HQL parser will be used.
2023-12-05T10:13:19.881+01:00  INFO 10788 --- [           main] o.s.b.w.embedded.tomcat.TomcatWebServer  : Tomcat started on port(s): 50738 (http) with context path ''
2023-12-05T10:13:19.890+01:00  INFO 10788 --- [           main] i.OrderControllerIntegrationTest         : Started OrderControllerIntegrationTest in 4.26 seconds (process running for 6.714)
]]></system-out>
  </testcase>
</testsuite>