<?xml version="1.0" encoding="UTF-8"?>
<testsuite xmlns:xsi="http://www.w3.org/2001/XMLSchema-instance" xsi:noNamespaceSchemaLocation="https://maven.apache.org/surefire/maven-surefire-plugin/xsd/surefire-test-report-3.0.xsd" version="3.0" name="integration.OrderControllerIntegrationTest" time="5.774" tests="4" errors="0" skipped="0" failures="0">
  <properties>
[...]
</properties>
  <testcase name="test_getOrdersForUser" classname="integration.OrderControllerIntegrationTest" time="0.087">
    <system-out><![CDATA[ ,-----. ,------. ,------.  ,------.,------.
'  .-.  '|  .--. '|  .-.  \ |  .---'|  .--. ' 
|  | |  ||  '--'.'|  |  \  :|  `--, |  '--'.' 
'  '-'  '|  |\  \ |  '--'  /|  `---.|  |\  \  
 `-----' `--' '--'`-------' `------'`--' '--' 
                                              
2023-12-04T14:22:34.059+01:00  INFO 26092 --- [           main] i.OrderControllerIntegrationTest         : Starting OrderControllerIntegrationTest using Java 21.0.1 with PID 26092 (started by Robert in C:\Users\Rober\OneDrive\Softwareudvikler\2. semester\Exam\mtogo\order-service)
2023-12-04T14:22:34.063+01:00  INFO 26092 --- [           main] i.OrderControllerIntegrationTest         : No active profile set, falling back to 1 default profile: "default"
2023-12-04T14:22:34.580+01:00  INFO 26092 --- [           main] .s.d.r.c.RepositoryConfigurationDelegate : Bootstrapping Spring Data JPA repositories in DEFAULT mode.
2023-12-04T14:22:34.626+01:00  INFO 26092 --- [           main] .s.d.r.c.RepositoryConfigurationDelegate : Finished Spring Data repository scanning in 39 ms. Found 1 JPA repository interfaces.
2023-12-04T14:22:35.484+01:00  INFO 26092 --- [           main] o.s.b.w.embedded.tomcat.TomcatWebServer  : Tomcat initialized with port(s): 0 (http)
2023-12-04T14:22:35.494+01:00  INFO 26092 --- [           main] o.apache.catalina.core.StandardService   : Starting service [Tomcat]
2023-12-04T14:22:35.495+01:00  INFO 26092 --- [           main] o.apache.catalina.core.StandardEngine    : Starting Servlet engine: [Apache Tomcat/10.1.15]
2023-12-04T14:22:35.596+01:00  INFO 26092 --- [           main] o.a.c.c.C.[Tomcat].[localhost].[/]       : Initializing Spring embedded WebApplicationContext
2023-12-04T14:22:35.596+01:00  INFO 26092 --- [           main] w.s.c.ServletWebServerApplicationContext : Root WebApplicationContext: initialization completed in 1516 ms
2023-12-04T14:22:35.970+01:00  INFO 26092 --- [           main] o.hibernate.jpa.internal.util.LogHelper  : HHH000204: Processing PersistenceUnitInfo [name: default]
2023-12-04T14:22:36.118+01:00  INFO 26092 --- [           main] org.hibernate.Version                    : HHH000412: Hibernate ORM core version 6.2.13.Final
2023-12-04T14:22:36.121+01:00  INFO 26092 --- [           main] org.hibernate.cfg.Environment            : HHH000406: Using bytecode reflection optimizer
2023-12-04T14:22:36.287+01:00  INFO 26092 --- [           main] o.s.o.j.p.SpringPersistenceUnitInfo      : No LoadTimeWeaver setup: ignoring JPA class transformer
2023-12-04T14:22:36.312+01:00  INFO 26092 --- [           main] com.zaxxer.hikari.HikariDataSource       : HikariPool-1 - Starting...
2023-12-04T14:22:36.590+01:00  INFO 26092 --- [           main] com.zaxxer.hikari.pool.HikariPool        : HikariPool-1 - Added connection com.mysql.cj.jdbc.ConnectionImpl@306c8e09
2023-12-04T14:22:36.593+01:00  INFO 26092 --- [           main] com.zaxxer.hikari.HikariDataSource       : HikariPool-1 - Start completed.
2023-12-04T14:22:37.384+01:00  INFO 26092 --- [           main] o.h.e.t.j.p.i.JtaPlatformInitiator       : HHH000489: No JTA platform available (set 'hibernate.transaction.jta.platform' to enable JTA platform integration)
2023-12-04T14:22:37.445+01:00  INFO 26092 --- [           main] j.LocalContainerEntityManagerFactoryBean : Initialized JPA EntityManagerFactory for persistence unit 'default'
2023-12-04T14:22:37.553+01:00  WARN 26092 --- [           main] JpaBaseConfiguration$JpaWebConfiguration : spring.jpa.open-in-view is enabled by default. Therefore, database queries may be performed during view rendering. Explicitly configure spring.jpa.open-in-view to disable this warning
2023-12-04T14:22:38.090+01:00  WARN 26092 --- [           main] ocalVariableTableParameterNameDiscoverer : Using deprecated '-debug' fallback for parameter name resolution. Compile the affected code with '-parameters' instead or avoid its introspection: com.turkeycrew.OrderRepository
2023-12-04T14:22:38.180+01:00  INFO 26092 --- [           main] o.s.d.j.r.query.QueryEnhancerFactory     : Hibernate is in classpath; If applicable, HQL parser will be used.
2023-12-04T14:22:38.954+01:00  INFO 26092 --- [           main] o.s.b.w.embedded.tomcat.TomcatWebServer  : Tomcat started on port(s): 60482 (http) with context path ''
2023-12-04T14:22:38.969+01:00  INFO 26092 --- [           main] i.OrderControllerIntegrationTest         : Started OrderControllerIntegrationTest in 5.197 seconds (process running for 8.297)
]]></system-out>
  </testcase>
  <testcase name="test_getOrderDetails" classname="integration.OrderControllerIntegrationTest" time="0.009"/>
  <testcase name="test_placeOrder" classname="integration.OrderControllerIntegrationTest" time="0.069"/>
  <testcase name="test_updateOrderStatus" classname="integration.OrderControllerIntegrationTest" time="0.015">
    <system-out><![CDATA[Request: <{status=processing},[Content-Type:"application/json"]>
Response: <200 OK OK,Order updated successfully,[Content-Type:"text/plain;charset=UTF-8", Content-Length:"26", Date:"Mon, 04 Dec 2023 13:22:39 GMT", Keep-Alive:"timeout=60", Connection:"keep-alive"]>
]]></system-out>
  </testcase>
</testsuite>