<?xml version="1.0" encoding="UTF-8"?>
<testsuite xmlns:xsi="http://www.w3.org/2001/XMLSchema-instance" xsi:noNamespaceSchemaLocation="https://maven.apache.org/surefire/maven-surefire-plugin/xsd/surefire-test-report-3.0.xsd" version="3.0" name="com.turkeycrew.CustomerServiceTest" time="1.411" tests="6" errors="0" skipped="0" failures="0">
  <properties>
[...]
</properties>
  <testcase name="test_UpdateCustomer" classname="com.turkeycrew.CustomerServiceTest" time="1.062">
    <system-err><![CDATA[WARNING: A Java agent has been loaded dynamically (C:\Users\Rober\.m2\repository\net\bytebuddy\byte-buddy-agent\1.14.9\byte-buddy-agent-1.14.9.jar)
WARNING: If a serviceability tool is in use, please run with -XX:+EnableDynamicAgentLoading to hide this warning
WARNING: If a serviceability tool is not in use, please run with -Djdk.instrument.traceUsage for more information
WARNING: Dynamic loading of agents will be disallowed by default in a future release
]]></system-err>
  </testcase>
  <testcase name="test_loginCustomer" classname="com.turkeycrew.CustomerServiceTest" time="0.198"/>
  <testcase name="test_createCustomer" classname="com.turkeycrew.CustomerServiceTest" time="0.058"/>
  <testcase name="test_deleteCustomer" classname="com.turkeycrew.CustomerServiceTest" time="0.007"/>
  <testcase name="test_getCustomerById" classname="com.turkeycrew.CustomerServiceTest" time="0.002"/>
  <testcase name="logoutCustomer" classname="com.turkeycrew.CustomerServiceTest" time="0.062"/>
</testsuite>